0 info it worked if it ends with ok
1 verbose cli [ '/usr/local/bin/node', '/usr/local/bin/npm', 'publish' ]
2 info using npm@3.8.6
3 info using node@v6.1.0
4 verbose publish [ '.' ]
5 silly cache add args [ '.', null ]
6 verbose cache add spec .
7 silly cache add parsed spec Result {
7 silly cache add   raw: '.',
7 silly cache add   scope: null,
7 silly cache add   name: null,
7 silly cache add   rawSpec: '.',
7 silly cache add   spec: '/Users/codeNpaper/dev/node/angular-templation',
7 silly cache add   type: 'directory' }
8 verbose addLocalDirectory /Users/codeNpaper/.npm/angular-templation/0.0.5/package.tgz not in flight; packing
9 verbose correctMkdir /Users/codeNpaper/.npm correctMkdir not in flight; initializing
10 info lifecycle angular-templation@0.0.5~prepublish: angular-templation@0.0.5
11 verbose lifecycle angular-templation@0.0.5~prepublish: unsafe-perm in lifecycle true
12 verbose lifecycle angular-templation@0.0.5~prepublish: PATH: /usr/local/lib/node_modules/npm/bin/node-gyp-bin:/Users/codeNpaper/dev/node/angular-templation/node_modules/.bin:/usr/local/bin:/Users/codeNpaper:/Users/codeNpaper/bin:/usr/local/bin:/Users/codeNpaper/.rbenv/shims:/Users/codeNpaper/.npm-packages/bin:/usr/local/bin:/usr/bin:/bin:/usr/sbin:/sbin:/Users/codeNpaper:/Users/codeNpaper/bin:/Users/codeNpaper/.rbenv/shims:/Users/codeNpaper/.npm-packages/bin:/Users/codeNpaper/scripts:/Users/codeNpaper/Library/Android/sdk/tools:/Users/codeNpaper/Library/Android/sdk/platform-tools:/Users/codeNpaper/scripts:/Users/codeNpaper/Library/Android/sdk/tools:/Users/codeNpaper/Library/Android/sdk/platform-tools
13 verbose lifecycle angular-templation@0.0.5~prepublish: CWD: /Users/codeNpaper/dev/node/angular-templation
14 silly lifecycle angular-templation@0.0.5~prepublish: Args: [ '-c', 'tsc' ]
15 silly lifecycle angular-templation@0.0.5~prepublish: Returned: code: 2  signal: null
16 info lifecycle angular-templation@0.0.5~prepublish: Failed to exec prepublish script
17 error addLocal Could not install /Users/codeNpaper/dev/node/angular-templation
18 verbose stack Error: angular-templation@0.0.5 prepublish: `tsc`
18 verbose stack Exit status 2
18 verbose stack     at EventEmitter.<anonymous> (/usr/local/lib/node_modules/npm/lib/utils/lifecycle.js:239:16)
18 verbose stack     at emitTwo (events.js:106:13)
18 verbose stack     at EventEmitter.emit (events.js:191:7)
18 verbose stack     at ChildProcess.<anonymous> (/usr/local/lib/node_modules/npm/lib/utils/spawn.js:24:14)
18 verbose stack     at emitTwo (events.js:106:13)
18 verbose stack     at ChildProcess.emit (events.js:191:7)
18 verbose stack     at maybeClose (internal/child_process.js:850:16)
18 verbose stack     at Process.ChildProcess._handle.onexit (internal/child_process.js:215:5)
19 verbose pkgid angular-templation@0.0.5
20 verbose cwd /Users/codeNpaper/dev/node/angular-templation
21 error Darwin 16.1.0
22 error argv "/usr/local/bin/node" "/usr/local/bin/npm" "publish"
23 error node v6.1.0
24 error npm  v3.8.6
25 error code ELIFECYCLE
26 error angular-templation@0.0.5 prepublish: `tsc`
26 error Exit status 2
27 error Failed at the angular-templation@0.0.5 prepublish script 'tsc'.
27 error Make sure you have the latest version of node.js and npm installed.
27 error If you do, this is most likely a problem with the angular-templation package,
27 error not with npm itself.
27 error Tell the author that this fails on your system:
27 error     tsc
27 error You can get information on how to open an issue for this project with:
27 error     npm bugs angular-templation
27 error Or if that isn't available, you can get their info via:
27 error     npm owner ls angular-templation
27 error There is likely additional logging output above.
28 verbose exit [ 1, true ]
